[ 2018-09-21T02:57:33+08:00 ] ::1 /thinkphp/
INFO: [ app_init ] --START--
INFO: Run Behavior\BuildLiteBehavior [ RunTime:0.000006s ]
INFO: [ app_init ] --END-- [ RunTime:0.000572s ]

[ 2018-09-21T02:57:35+08:00 ] ::1 /thinkphp/index.php?m=Home&c=Rest
INFO: [ app_init ] --START--
INFO: Run Behavior\BuildLiteBehavior [ RunTime:0.000005s ]
INFO: [ app_init ] --END-- [ RunTime:0.000424s ]

[ 2018-09-21T03:00:21+08:00 ] ::1 /thinkphp/index.php?m=Home&c=Rest
INFO: [ app_init ] --START--
INFO: Run Behavior\BuildLiteBehavior [ RunTime:0.000006s ]
INFO: [ app_init ] --END-- [ RunTime:0.000426s ]

[ 2018-09-21T03:00:24+08:00 ] ::1 /thinkphp/index.php/Home/Rest/findByAddr
INFO: [ app_init ] --START--
INFO: Run Behavior\BuildLiteBehavior [ RunTime:0.000004s ]
INFO: [ app_init ] --END-- [ RunTime:0.000383s ]

[ 2018-09-21T03:00:29+08:00 ] ::1 /thinkphp/index.php/Home/Rest/findByZip
INFO: [ app_init ] --START--
INFO: Run Behavior\BuildLiteBehavior [ RunTime:0.000005s ]
INFO: [ app_init ] --END-- [ RunTime:0.000424s ]

[ 2018-09-21T03:00:38+08:00 ] ::1 /thinkphp/index.php/Home/Rest/findByZip
INFO: [ app_init ] --START--
INFO: Run Behavior\BuildLiteBehavior [ RunTime:0.000005s ]
INFO: [ app_init ] --END-- [ RunTime:0.000359s ]

[ 2018-09-21T03:00:40+08:00 ] ::1 /thinkphp/index.php/Home/Rest/findByZip
INFO: [ app_init ] --START--
INFO: Run Behavior\BuildLiteBehavior [ RunTime:0.000004s ]
INFO: [ app_init ] --END-- [ RunTime:0.000397s ]

[ 2018-09-21T03:01:19+08:00 ] ::1 /thinkphp/index.php
INFO: [ app_init ] --START--
INFO: Run Behavior\BuildLiteBehavior [ RunTime:0.000005s ]
INFO: [ app_init ] --END-- [ RunTime:0.000402s ]

[ 2018-09-21T03:01:34+08:00 ] ::1 /thinkphp/index.php
INFO: [ app_init ] --START--
INFO: Run Behavior\BuildLiteBehavior [ RunTime:0.000005s ]
INFO: [ app_init ] --END-- [ RunTime:0.000402s ]

[ 2018-09-21T03:01:36+08:00 ] ::1 /thinkphp/index.php/Home/Rest
INFO: [ app_init ] --START--
INFO: Run Behavior\BuildLiteBehavior [ RunTime:0.000005s ]
INFO: [ app_init ] --END-- [ RunTime:0.000388s ]

[ 2018-09-21T03:02:49+08:00 ] ::1 /thinkphp/index.php/Home/Rest
INFO: [ app_init ] --START--
INFO: Run Behavior\BuildLiteBehavior [ RunTime:0.000005s ]
INFO: [ app_init ] --END-- [ RunTime:0.000472s ]

[ 2018-09-21T03:02:50+08:00 ] ::1 /thinkphp/index.php/Home/Rest/findByZip
INFO: [ app_init ] --START--
INFO: Run Behavior\BuildLiteBehavior [ RunTime:0.000005s ]
INFO: [ app_init ] --END-- [ RunTime:0.000396s ]

[ 2018-09-21T03:03:19+08:00 ] ::1 /thinkphp/index.php/Home/Rest
INFO: [ app_init ] --START--
INFO: Run Behavior\BuildLiteBehavior [ RunTime:0.000004s ]
INFO: [ app_init ] --END-- [ RunTime:0.000450s ]

[ 2018-09-21T03:03:20+08:00 ] ::1 /thinkphp/index.php/Home/Rest/findByZip
INFO: [ app_init ] --START--
INFO: Run Behavior\BuildLiteBehavior [ RunTime:0.000005s ]
INFO: [ app_init ] --END-- [ RunTime:0.000376s ]

[ 2018-09-21T03:03:26+08:00 ] ::1 /thinkphp/index.php/Home/Rest/findByZip
INFO: [ app_init ] --START--
INFO: Run Behavior\BuildLiteBehavior [ RunTime:0.000006s ]
INFO: [ app_init ] --END-- [ RunTime:0.000555s ]

[ 2018-09-21T03:04:18+08:00 ] ::1 /thinkphp/index.php/Home/Rest/findByZip
INFO: [ app_init ] --START--
INFO: Run Behavior\BuildLiteBehavior [ RunTime:0.000008s ]
INFO: [ app_init ] --END-- [ RunTime:0.000465s ]

[ 2018-09-21T03:04:21+08:00 ] ::1 /thinkphp/index.php/Home/Rest/findByZip
INFO: [ app_init ] --START--
INFO: Run Behavior\BuildLiteBehavior [ RunTime:0.000004s ]
INFO: [ app_init ] --END-- [ RunTime:0.000316s ]

[ 2018-09-21T03:05:22+08:00 ] ::1 /thinkphp/index.php/Home/Rest/findByZip
INFO: [ app_init ] --START--
INFO: Run Behavior\BuildLiteBehavior [ RunTime:0.000006s ]
INFO: [ app_init ] --END-- [ RunTime:0.000470s ]

[ 2018-09-21T03:05:23+08:00 ] ::1 /thinkphp/index.php/Home/Rest/findByZip
INFO: [ app_init ] --START--
INFO: Run Behavior\BuildLiteBehavior [ RunTime:0.000005s ]
INFO: [ app_init ] --END-- [ RunTime:0.000443s ]

[ 2018-09-21T03:05:49+08:00 ] ::1 /thinkphp/index.php/Home/Rest/findByZip
INFO: [ app_init ] --START--
INFO: Run Behavior\BuildLiteBehavior [ RunTime:0.000004s ]
INFO: [ app_init ] --END-- [ RunTime:0.000409s ]

[ 2018-09-21T03:05:51+08:00 ] ::1 /thinkphp/index.php/Home/Rest/findByZip
INFO: [ app_init ] --START--
INFO: Run Behavior\BuildLiteBehavior [ RunTime:0.000005s ]
INFO: [ app_init ] --END-- [ RunTime:0.000353s ]

[ 2018-09-21T03:05:58+08:00 ] ::1 /thinkphp/index.php/Home/Rest/findByAddr
INFO: [ app_init ] --START--
INFO: Run Behavior\BuildLiteBehavior [ RunTime:0.000004s ]
INFO: [ app_init ] --END-- [ RunTime:0.000397s ]

[ 2018-09-21T03:06:01+08:00 ] ::1 /thinkphp/index.php/Home/Rest/googleMap
INFO: [ app_init ] --START--
INFO: Run Behavior\BuildLiteBehavior [ RunTime:0.000004s ]
INFO: [ app_init ] --END-- [ RunTime:0.000389s ]

[ 2018-09-21T03:06:42+08:00 ] ::1 /thinkphp/index.php/Home/Rest/googleMap
INFO: [ app_init ] --START--
INFO: Run Behavior\BuildLiteBehavior [ RunTime:0.000005s ]
INFO: [ app_init ] --END-- [ RunTime:0.000370s ]

[ 2018-09-21T03:06:59+08:00 ] ::1 /thinkphp/index.php/Home/
INFO: [ app_init ] --START--
INFO: Run Behavior\BuildLiteBehavior [ RunTime:0.000005s ]
INFO: [ app_init ] --END-- [ RunTime:0.000392s ]

[ 2018-09-21T03:07:00+08:00 ] ::1 /thinkphp/index.php/Home/index.php/Home/Rest
INFO: [ app_init ] --START--
INFO: Run Behavior\BuildLiteBehavior [ RunTime:0.000005s ]
INFO: [ app_init ] --END-- [ RunTime:0.000376s ]
ERR: 无法加载控制器:Index.php

[ 2018-09-21T03:07:06+08:00 ] ::1 /thinkphp/index.php/Home/index.php/Home/Rest
INFO: [ app_init ] --START--
INFO: Run Behavior\BuildLiteBehavior [ RunTime:0.000005s ]
INFO: [ app_init ] --END-- [ RunTime:0.000390s ]
ERR: 无法加载控制器:Index.php

[ 2018-09-21T03:07:14+08:00 ] ::1 /thinkphp/index.php
INFO: [ app_init ] --START--
INFO: Run Behavior\BuildLiteBehavior [ RunTime:0.000004s ]
INFO: [ app_init ] --END-- [ RunTime:0.000320s ]

[ 2018-09-21T03:07:15+08:00 ] ::1 /thinkphp/index.php/Home/Rest
INFO: [ app_init ] --START--
INFO: Run Behavior\BuildLiteBehavior [ RunTime:0.000006s ]
INFO: [ app_init ] --END-- [ RunTime:0.000382s ]

[ 2018-09-21T03:07:19+08:00 ] ::1 /thinkphp/index.php/Home/
INFO: [ app_init ] --START--
INFO: Run Behavior\BuildLiteBehavior [ RunTime:0.000005s ]
INFO: [ app_init ] --END-- [ RunTime:0.000473s ]

[ 2018-09-21T03:07:21+08:00 ] ::1 /thinkphp/index.php/Home/index.php/Home/Rest
INFO: [ app_init ] --START--
INFO: Run Behavior\BuildLiteBehavior [ RunTime:0.000005s ]
INFO: [ app_init ] --END-- [ RunTime:0.000405s ]
ERR: 无法加载控制器:Index.php

[ 2018-09-21T03:09:03+08:00 ] ::1 /thinkphp/index.php/Home/
INFO: [ app_init ] --START--
INFO: Run Behavior\BuildLiteBehavior [ RunTime:0.000006s ]
INFO: [ app_init ] --END-- [ RunTime:0.000491s ]

[ 2018-09-21T03:09:05+08:00 ] ::1 /thinkphp/index.php/Home/U('Rest/index')
INFO: [ app_init ] --START--
INFO: Run Behavior\BuildLiteBehavior [ RunTime:0.000003s ]
INFO: [ app_init ] --END-- [ RunTime:0.000389s ]
ERR: 无法加载控制器:U('Rest

[ 2018-09-21T03:09:45+08:00 ] ::1 /thinkphp/index.php/Home/
INFO: [ app_init ] --START--
INFO: Run Behavior\BuildLiteBehavior [ RunTime:0.000005s ]
INFO: [ app_init ] --END-- [ RunTime:0.000374s ]

[ 2018-09-21T03:09:47+08:00 ] ::1 /thinkphp/index.php/Home/Index/Restindex.html
INFO: [ app_init ] --START--
INFO: Run Behavior\BuildLiteBehavior [ RunTime:0.000005s ]
INFO: [ app_init ] --END-- [ RunTime:0.000410s ]
ERR: 非法操作:Restindex

[ 2018-09-21T03:09:59+08:00 ] ::1 /thinkphp/index.php/Home/
INFO: [ app_init ] --START--
INFO: Run Behavior\BuildLiteBehavior [ RunTime:0.000004s ]
INFO: [ app_init ] --END-- [ RunTime:0.000358s ]

[ 2018-09-21T03:10:01+08:00 ] ::1 /thinkphp/index.php/Home/Index/Rest.html
INFO: [ app_init ] --START--
INFO: Run Behavior\BuildLiteBehavior [ RunTime:0.000005s ]
INFO: [ app_init ] --END-- [ RunTime:0.000380s ]
ERR: 非法操作:Rest

[ 2018-09-21T03:10:33+08:00 ] ::1 /thinkphp/index.php/Home/Index/Rest.html
INFO: [ app_init ] --START--
INFO: Run Behavior\BuildLiteBehavior [ RunTime:0.000004s ]
INFO: [ app_init ] --END-- [ RunTime:0.000687s ]
ERR: 非法操作:Rest

[ 2018-09-21T03:10:37+08:00 ] ::1 /thinkphp/index.php/Home/Index
INFO: [ app_init ] --START--
INFO: Run Behavior\BuildLiteBehavior [ RunTime:0.000005s ]
INFO: [ app_init ] --END-- [ RunTime:0.000481s ]

[ 2018-09-21T03:10:46+08:00 ] ::1 /thinkphp/index.php/Home/Index
INFO: [ app_init ] --START--
INFO: Run Behavior\BuildLiteBehavior [ RunTime:0.000004s ]
INFO: [ app_init ] --END-- [ RunTime:0.000381s ]

[ 2018-09-21T03:10:47+08:00 ] ::1 /thinkphp/index.php/Home/Rest/Index.html
INFO: [ app_init ] --START--
INFO: Run Behavior\BuildLiteBehavior [ RunTime:0.000004s ]
INFO: [ app_init ] --END-- [ RunTime:0.000381s ]

[ 2018-09-21T03:11:47+08:00 ] ::1 /thinkphp/index.php/Home/Rest/Index.html
INFO: [ app_init ] --START--
INFO: Run Behavior\BuildLiteBehavior [ RunTime:0.000004s ]
INFO: [ app_init ] --END-- [ RunTime:0.000418s ]

[ 2018-09-21T03:11:49+08:00 ] ::1 /thinkphp/index.php/Home/Rest/findByAddr.html
INFO: [ app_init ] --START--
INFO: Run Behavior\BuildLiteBehavior [ RunTime:0.000004s ]
INFO: [ app_init ] --END-- [ RunTime:0.000392s ]

[ 2018-09-21T03:11:53+08:00 ] ::1 /thinkphp/index.php/Home/Rest/findByZip.html
INFO: [ app_init ] --START--
INFO: Run Behavior\BuildLiteBehavior [ RunTime:0.000005s ]
INFO: [ app_init ] --END-- [ RunTime:0.000380s ]

[ 2018-09-21T03:11:55+08:00 ] ::1 /thinkphp/index.php/Home/Rest/findByZip
INFO: [ app_init ] --START--
INFO: Run Behavior\BuildLiteBehavior [ RunTime:0.000005s ]
INFO: [ app_init ] --END-- [ RunTime:0.000404s ]
INFO: [ app_begin ] --START--
INFO: Run Behavior\ReadHtmlCacheBehavior [ RunTime:0.000576s ]
INFO: [ app_begin ] --END-- [ RunTime:0.000591s ]
ERR: SQLSTATE[HY000] [1045] Access denied for user 'root'@'localhost' (using password: YES)

[ 2018-09-21T03:17:34+08:00 ] ::1 /thinkphp/index.php/Home/Rest/findByZip
INFO: [ app_init ] --START--
INFO: Run Behavior\BuildLiteBehavior [ RunTime:0.000004s ]
INFO: [ app_init ] --END-- [ RunTime:0.000426s ]
INFO: [ app_begin ] --START--
INFO: Run Behavior\ReadHtmlCacheBehavior [ RunTime:0.000762s ]
INFO: [ app_begin ] --END-- [ RunTime:0.000777s ]
ERR: SQLSTATE[HY000] [1045] Access denied for user 'root'@'localhost' (using password: YES)

[ 2018-09-21T03:26:48+08:00 ] ::1 /thinkphp/index.php/Home/Rest/findByZip
INFO: [ app_init ] --START--
INFO: Run Behavior\BuildLiteBehavior [ RunTime:0.000006s ]
INFO: [ app_init ] --END-- [ RunTime:0.000445s ]
INFO: [ app_begin ] --START--
INFO: Run Behavior\ReadHtmlCacheBehavior [ RunTime:0.000781s ]
INFO: [ app_begin ] --END-- [ RunTime:0.000798s ]
ERR: SQLSTATE[HY000] [1045] Access denied for user 'root'@'localhost' (using password: YES)

[ 2018-09-21T03:26:51+08:00 ] ::1 /thinkphp/index.php/Home/Rest/findByZip.html
INFO: [ app_init ] --START--
INFO: Run Behavior\BuildLiteBehavior [ RunTime:0.000005s ]
INFO: [ app_init ] --END-- [ RunTime:0.000381s ]

[ 2018-09-21T03:26:55+08:00 ] ::1 /thinkphp/index.php/Home/Rest/findByZip
INFO: [ app_init ] --START--
INFO: Run Behavior\BuildLiteBehavior [ RunTime:0.000005s ]
INFO: [ app_init ] --END-- [ RunTime:0.000461s ]
INFO: [ app_begin ] --START--
INFO: Run Behavior\ReadHtmlCacheBehavior [ RunTime:0.000727s ]
INFO: [ app_begin ] --END-- [ RunTime:0.000743s ]
ERR: SQLSTATE[HY000] [1045] Access denied for user 'root'@'localhost' (using password: YES)

[ 2018-09-21T03:29:26+08:00 ] ::1 /thinkphp/index.php/Home/Rest/findByZip
INFO: [ app_init ] --START--
INFO: Run Behavior\BuildLiteBehavior [ RunTime:0.000005s ]
INFO: [ app_init ] --END-- [ RunTime:0.000392s ]
INFO: [ app_begin ] --START--
INFO: Run Behavior\ReadHtmlCacheBehavior [ RunTime:0.000771s ]
INFO: [ app_begin ] --END-- [ RunTime:0.000786s ]
SQL: SHOW COLUMNS FROM `restaurants` [ RunTime:0.0076s ]
SQL: SELECT * FROM `restaurants` INNER JOIN restandzip on restaurants.rest_id = restandzip.rest_id  WHERE ( zipcode = 02120 )  [ RunTime:0.0003s ]
INFO: [ app_end ] --START--
INFO: Run Behavior\ShowPageTraceBehavior [ RunTime:0.000823s ]
INFO: [ app_end ] --END-- [ RunTime:0.000838s ]

[ 2018-09-21T03:29:27+08:00 ] ::1 /thinkphp/index.php/Home/Rest/restPage?id=undefined
INFO: [ app_init ] --START--
INFO: Run Behavior\BuildLiteBehavior [ RunTime:0.000005s ]
INFO: [ app_init ] --END-- [ RunTime:0.000390s ]
ERR: 1054:Unknown column 'undefined' in 'where clause'
 [ SQL语句 ] : SELECT * FROM `restaurants` WHERE ( rest_id = undefined ) 

[ 2018-09-21T03:29:33+08:00 ] ::1 /thinkphp/index.php/Home/Rest
INFO: [ app_init ] --START--
INFO: Run Behavior\BuildLiteBehavior [ RunTime:0.000005s ]
INFO: [ app_init ] --END-- [ RunTime:0.000454s ]

[ 2018-09-21T03:29:34+08:00 ] ::1 /thinkphp/index.php/Home/Rest/findByAddr.html
INFO: [ app_init ] --START--
INFO: Run Behavior\BuildLiteBehavior [ RunTime:0.000005s ]
INFO: [ app_init ] --END-- [ RunTime:0.000400s ]

[ 2018-09-21T03:29:36+08:00 ] ::1 /thinkphp/index.php/Home/Rest
INFO: [ app_init ] --START--
INFO: Run Behavior\BuildLiteBehavior [ RunTime:0.000004s ]
INFO: [ app_init ] --END-- [ RunTime:0.000325s ]

[ 2018-09-21T03:29:37+08:00 ] ::1 /thinkphp/index.php/Home/Rest/googleMap.html
INFO: [ app_init ] --START--
INFO: Run Behavior\BuildLiteBehavior [ RunTime:0.000004s ]
INFO: [ app_init ] --END-- [ RunTime:0.000402s ]

[ 2018-09-21T03:29:39+08:00 ] ::1 /thinkphp/index.php/Home/Rest
INFO: [ app_init ] --START--
INFO: Run Behavior\BuildLiteBehavior [ RunTime:0.000006s ]
INFO: [ app_init ] --END-- [ RunTime:0.000393s ]

[ 2018-09-21T03:29:40+08:00 ] ::1 /thinkphp/index.php/Home/Rest/findByZip.html
INFO: [ app_init ] --START--
INFO: Run Behavior\BuildLiteBehavior [ RunTime:0.000005s ]
INFO: [ app_init ] --END-- [ RunTime:0.000419s ]

[ 2018-09-21T03:29:45+08:00 ] ::1 /thinkphp/index.php/Home/Rest/findByZip
INFO: [ app_init ] --START--
INFO: Run Behavior\BuildLiteBehavior [ RunTime:0.000004s ]
INFO: [ app_init ] --END-- [ RunTime:0.000400s ]
INFO: [ app_begin ] --START--
INFO: Run Behavior\ReadHtmlCacheBehavior [ RunTime:0.000668s ]
INFO: [ app_begin ] --END-- [ RunTime:0.000684s ]
INFO: [ app_end ] --START--
INFO: Run Behavior\ShowPageTraceBehavior [ RunTime:0.000696s ]
INFO: [ app_end ] --END-- [ RunTime:0.000713s ]

[ 2018-09-21T03:29:48+08:00 ] ::1 /thinkphp/index.php/Home/Rest/findByZip
INFO: [ app_init ] --START--
INFO: Run Behavior\BuildLiteBehavior [ RunTime:0.000005s ]
INFO: [ app_init ] --END-- [ RunTime:0.000406s ]
INFO: [ app_begin ] --START--
INFO: Run Behavior\ReadHtmlCacheBehavior [ RunTime:0.000669s ]
INFO: [ app_begin ] --END-- [ RunTime:0.000686s ]
SQL: SHOW COLUMNS FROM `restaurants` [ RunTime:0.0034s ]
SQL: SELECT * FROM `restaurants` INNER JOIN restandzip on restaurants.rest_id = restandzip.rest_id  WHERE ( zipcode = 02120 )  [ RunTime:0.0003s ]
INFO: [ app_end ] --START--
INFO: Run Behavior\ShowPageTraceBehavior [ RunTime:0.000779s ]
INFO: [ app_end ] --END-- [ RunTime:0.000794s ]

[ 2018-09-21T03:29:54+08:00 ] ::1 /thinkphp/index.php/Home/Rest/restPage?id=undefined
INFO: [ app_init ] --START--
INFO: Run Behavior\BuildLiteBehavior [ RunTime:0.000005s ]
INFO: [ app_init ] --END-- [ RunTime:0.000424s ]
ERR: 1054:Unknown column 'undefined' in 'where clause'
 [ SQL语句 ] : SELECT * FROM `restaurants` WHERE ( rest_id = undefined ) 

[ 2018-09-21T03:29:57+08:00 ] ::1 /thinkphp/index.php/Home/Rest/findByZip
INFO: [ app_init ] --START--
INFO: Run Behavior\BuildLiteBehavior [ RunTime:0.000005s ]
INFO: [ app_init ] --END-- [ RunTime:0.000363s ]
INFO: [ app_begin ] --START--
INFO: Run Behavior\ReadHtmlCacheBehavior [ RunTime:0.000698s ]
INFO: [ app_begin ] --END-- [ RunTime:0.000715s ]
SQL: SHOW COLUMNS FROM `restaurants` [ RunTime:0.0034s ]
SQL: SELECT * FROM `restaurants` INNER JOIN restandzip on restaurants.rest_id = restandzip.rest_id  WHERE ( zipcode = 02120 )  [ RunTime:0.0002s ]
INFO: [ app_end ] --START--
INFO: Run Behavior\ShowPageTraceBehavior [ RunTime:0.005697s ]
INFO: [ app_end ] --END-- [ RunTime:0.005714s ]

[ 2018-09-21T03:30:01+08:00 ] ::1 /thinkphp/index.php/Home/Rest/restPage?id=undefined
INFO: [ app_init ] --START--
INFO: Run Behavior\BuildLiteBehavior [ RunTime:0.000004s ]
INFO: [ app_init ] --END-- [ RunTime:0.000401s ]
ERR: 1054:Unknown column 'undefined' in 'where clause'
 [ SQL语句 ] : SELECT * FROM `restaurants` WHERE ( rest_id = undefined ) 

[ 2018-09-21T03:30:12+08:00 ] ::1 /thinkphp/index.php/Home/Rest/findByZip
INFO: [ app_init ] --START--
INFO: Run Behavior\BuildLiteBehavior [ RunTime:0.000006s ]
INFO: [ app_init ] --END-- [ RunTime:0.000471s ]
INFO: [ app_begin ] --START--
INFO: Run Behavior\ReadHtmlCacheBehavior [ RunTime:0.000648s ]
INFO: [ app_begin ] --END-- [ RunTime:0.000667s ]
SQL: SHOW COLUMNS FROM `restaurants` [ RunTime:0.0063s ]
SQL: SELECT * FROM `restaurants` INNER JOIN restandzip on restaurants.rest_id = restandzip.rest_id  WHERE ( zipcode = 02120 )  [ RunTime:0.0003s ]
INFO: [ app_end ] --START--
INFO: Run Behavior\ShowPageTraceBehavior [ RunTime:0.001006s ]
INFO: [ app_end ] --END-- [ RunTime:0.001021s ]

[ 2018-09-21T03:30:19+08:00 ] ::1 /thinkphp/index.php/Home/Rest/findByZip
INFO: [ app_init ] --START--
INFO: Run Behavior\BuildLiteBehavior [ RunTime:0.000004s ]
INFO: [ app_init ] --END-- [ RunTime:0.000370s ]
INFO: [ app_begin ] --START--
INFO: Run Behavior\ReadHtmlCacheBehavior [ RunTime:0.000654s ]
INFO: [ app_begin ] --END-- [ RunTime:0.000673s ]
INFO: [ app_end ] --START--
INFO: Run Behavior\ShowPageTraceBehavior [ RunTime:0.000677s ]
INFO: [ app_end ] --END-- [ RunTime:0.000692s ]

[ 2018-09-21T03:30:23+08:00 ] ::1 /thinkphp/index.php/Home/Rest/findByZip
INFO: [ app_init ] --START--
INFO: Run Behavior\BuildLiteBehavior [ RunTime:0.000005s ]
INFO: [ app_init ] --END-- [ RunTime:0.000380s ]
INFO: [ app_begin ] --START--
INFO: Run Behavior\ReadHtmlCacheBehavior [ RunTime:0.000640s ]
INFO: [ app_begin ] --END-- [ RunTime:0.000657s ]
SQL: SHOW COLUMNS FROM `restaurants` [ RunTime:0.0034s ]
SQL: SELECT * FROM `restaurants` INNER JOIN restandzip on restaurants.rest_id = restandzip.rest_id  WHERE ( zipcode = 1 )  [ RunTime:0.0003s ]
INFO: [ app_end ] --START--
INFO: Run Behavior\ShowPageTraceBehavior [ RunTime:0.000761s ]
INFO: [ app_end ] --END-- [ RunTime:0.000778s ]

[ 2018-09-21T03:31:04+08:00 ] ::1 /thinkphp/index.php/Home/Rest/findByZip.html
INFO: [ app_init ] --START--
INFO: Run Behavior\BuildLiteBehavior [ RunTime:0.000005s ]
INFO: [ app_init ] --END-- [ RunTime:0.000338s ]

[ 2018-09-21T03:31:07+08:00 ] ::1 /thinkphp/index.php/Home/Rest/findByZip
INFO: [ app_init ] --START--
INFO: Run Behavior\BuildLiteBehavior [ RunTime:0.000018s ]
INFO: [ app_init ] --END-- [ RunTime:0.000759s ]
INFO: [ app_begin ] --START--
INFO: Run Behavior\ReadHtmlCacheBehavior [ RunTime:0.000678s ]
INFO: [ app_begin ] --END-- [ RunTime:0.000700s ]
SQL: SHOW COLUMNS FROM `restaurants` [ RunTime:0.0043s ]
SQL: SELECT * FROM `restaurants` INNER JOIN restandzip on restaurants.rest_id = restandzip.rest_id  WHERE ( zipcode = 02120 )  [ RunTime:0.0003s ]
INFO: [ app_end ] --START--
INFO: Run Behavior\ShowPageTraceBehavior [ RunTime:0.000747s ]
INFO: [ app_end ] --END-- [ RunTime:0.000762s ]

[ 2018-09-21T03:31:08+08:00 ] ::1 /thinkphp/index.php/Home/Rest/findByZip
INFO: [ app_init ] --START--
INFO: Run Behavior\BuildLiteBehavior [ RunTime:0.000005s ]
INFO: [ app_init ] --END-- [ RunTime:0.000405s ]
INFO: [ app_begin ] --START--
INFO: Run Behavior\ReadHtmlCacheBehavior [ RunTime:0.000663s ]
INFO: [ app_begin ] --END-- [ RunTime:0.000678s ]
SQL: SHOW COLUMNS FROM `restaurants` [ RunTime:0.0034s ]
SQL: SELECT * FROM `restaurants` INNER JOIN restandzip on restaurants.rest_id = restandzip.rest_id  WHERE ( zipcode = 02120 )  [ RunTime:0.0002s ]
INFO: [ app_end ] --START--
INFO: Run Behavior\ShowPageTraceBehavior [ RunTime:0.000752s ]
INFO: [ app_end ] --END-- [ RunTime:0.000767s ]

[ 2018-09-21T03:31:09+08:00 ] ::1 /thinkphp/index.php/Home/Rest/restPage?id=undefined
INFO: [ app_init ] --START--
INFO: Run Behavior\BuildLiteBehavior [ RunTime:0.000005s ]
INFO: [ app_init ] --END-- [ RunTime:0.000388s ]
ERR: 1054:Unknown column 'undefined' in 'where clause'
 [ SQL语句 ] : SELECT * FROM `restaurants` WHERE ( rest_id = undefined ) 

[ 2018-09-21T03:31:23+08:00 ] ::1 /thinkphp/index.php/Home/Rest/findByZip.html
INFO: [ app_init ] --START--
INFO: Run Behavior\BuildLiteBehavior [ RunTime:0.000006s ]
INFO: [ app_init ] --END-- [ RunTime:0.000402s ]

[ 2018-09-21T03:31:26+08:00 ] ::1 /thinkphp/index.php/Home/Rest/findByZip
INFO: [ app_init ] --START--
INFO: Run Behavior\BuildLiteBehavior [ RunTime:0.000005s ]
INFO: [ app_init ] --END-- [ RunTime:0.000336s ]
INFO: [ app_begin ] --START--
INFO: Run Behavior\ReadHtmlCacheBehavior [ RunTime:0.000604s ]
INFO: [ app_begin ] --END-- [ RunTime:0.000621s ]
SQL: SHOW COLUMNS FROM `restaurants` [ RunTime:0.0032s ]
SQL: SELECT * FROM `restaurants` INNER JOIN restandzip on restaurants.rest_id = restandzip.rest_id  WHERE ( zipcode = 1 )  [ RunTime:0.0002s ]
INFO: [ app_end ] --START--
INFO: Run Behavior\ShowPageTraceBehavior [ RunTime:0.000787s ]
INFO: [ app_end ] --END-- [ RunTime:0.000802s ]

[ 2018-09-21T03:31:29+08:00 ] ::1 /thinkphp/index.php/Home/Rest/findByZip
INFO: [ app_init ] --START--
INFO: Run Behavior\BuildLiteBehavior [ RunTime:0.000005s ]
INFO: [ app_init ] --END-- [ RunTime:0.000405s ]
INFO: [ app_begin ] --START--
INFO: Run Behavior\ReadHtmlCacheBehavior [ RunTime:0.000673s ]
INFO: [ app_begin ] --END-- [ RunTime:0.000690s ]
SQL: SHOW COLUMNS FROM `restaurants` [ RunTime:0.0033s ]
SQL: SELECT * FROM `restaurants` INNER JOIN restandzip on restaurants.rest_id = restandzip.rest_id  WHERE ( zipcode = 2 )  [ RunTime:0.0003s ]
INFO: [ app_end ] --START--
INFO: Run Behavior\ShowPageTraceBehavior [ RunTime:0.000838s ]
INFO: [ app_end ] --END-- [ RunTime:0.000854s ]

[ 2018-09-21T03:31:32+08:00 ] ::1 /thinkphp/index.php/Home/Rest/findByZip
INFO: [ app_init ] --START--
INFO: Run Behavior\BuildLiteBehavior [ RunTime:0.000006s ]
INFO: [ app_init ] --END-- [ RunTime:0.000412s ]
INFO: [ app_begin ] --START--
INFO: Run Behavior\ReadHtmlCacheBehavior [ RunTime:0.000698s ]
INFO: [ app_begin ] --END-- [ RunTime:0.000715s ]
SQL: SHOW COLUMNS FROM `restaurants` [ RunTime:0.0034s ]
SQL: SELECT * FROM `restaurants` INNER JOIN restandzip on restaurants.rest_id = restandzip.rest_id  WHERE ( zipcode = 33333 )  [ RunTime:0.0003s ]
INFO: [ app_end ] --START--
INFO: Run Behavior\ShowPageTraceBehavior [ RunTime:0.000747s ]
INFO: [ app_end ] --END-- [ RunTime:0.000761s ]

[ 2018-09-21T03:31:51+08:00 ] ::1 /thinkphp/index.php/Home/Rest/findByZip.html
INFO: [ app_init ] --START--
INFO: Run Behavior\BuildLiteBehavior [ RunTime:0.000005s ]
INFO: [ app_init ] --END-- [ RunTime:0.000382s ]

[ 2018-09-21T03:31:53+08:00 ] ::1 /thinkphp/index.php/Home/Rest/findByZip
INFO: [ app_init ] --START--
INFO: Run Behavior\BuildLiteBehavior [ RunTime:0.000005s ]
INFO: [ app_init ] --END-- [ RunTime:0.000404s ]
INFO: [ app_begin ] --START--
INFO: Run Behavior\ReadHtmlCacheBehavior [ RunTime:0.000655s ]
INFO: [ app_begin ] --END-- [ RunTime:0.000671s ]
SQL: SHOW COLUMNS FROM `restaurants` [ RunTime:0.0032s ]
SQL: SELECT * FROM `restaurants` INNER JOIN restandzip on restaurants.rest_id = restandzip.rest_id  WHERE ( zipcode = 3333 )  [ RunTime:0.0002s ]
INFO: [ app_end ] --START--
INFO: Run Behavior\ShowPageTraceBehavior [ RunTime:0.000748s ]
INFO: [ app_end ] --END-- [ RunTime:0.000763s ]

[ 2018-09-21T03:31:55+08:00 ] ::1 /thinkphp/index.php/Home/Rest/restPage?id=undefined
INFO: [ app_init ] --START--
INFO: Run Behavior\BuildLiteBehavior [ RunTime:0.000005s ]
INFO: [ app_init ] --END-- [ RunTime:0.000404s ]
ERR: 1054:Unknown column 'undefined' in 'where clause'
 [ SQL语句 ] : SELECT * FROM `restaurants` WHERE ( rest_id = undefined ) 

[ 2018-09-21T03:32:06+08:00 ] ::1 /thinkphp/index.php/Home/Rest/findByZip.html
INFO: [ app_init ] --START--
INFO: Run Behavior\BuildLiteBehavior [ RunTime:0.000005s ]
INFO: [ app_init ] --END-- [ RunTime:0.000453s ]

[ 2018-09-21T03:32:10+08:00 ] ::1 /thinkphp/index.php/Home/Rest/findByZip
INFO: [ app_init ] --START--
INFO: Run Behavior\BuildLiteBehavior [ RunTime:0.000005s ]
INFO: [ app_init ] --END-- [ RunTime:0.000395s ]
INFO: [ app_begin ] --START--
INFO: Run Behavior\ReadHtmlCacheBehavior [ RunTime:0.000620s ]
INFO: [ app_begin ] --END-- [ RunTime:0.000637s ]
SQL: SHOW COLUMNS FROM `restaurants` [ RunTime:0.0033s ]
SQL: SELECT * FROM `restaurants` INNER JOIN restandzip on restaurants.rest_id = restandzip.rest_id  WHERE ( zipcode = 333 )  [ RunTime:0.0003s ]
INFO: [ app_end ] --START--
INFO: Run Behavior\ShowPageTraceBehavior [ RunTime:0.000810s ]
INFO: [ app_end ] --END-- [ RunTime:0.000826s ]

[ 2018-09-21T03:32:13+08:00 ] ::1 /thinkphp/index.php/Home/Rest/findByZip
INFO: [ app_init ] --START--
INFO: Run Behavior\BuildLiteBehavior [ RunTime:0.000005s ]
INFO: [ app_init ] --END-- [ RunTime:0.000410s ]
INFO: [ app_begin ] --START--
INFO: Run Behavior\ReadHtmlCacheBehavior [ RunTime:0.000658s ]
INFO: [ app_begin ] --END-- [ RunTime:0.000675s ]
SQL: SHOW COLUMNS FROM `restaurants` [ RunTime:0.0035s ]
SQL: SELECT * FROM `restaurants` INNER JOIN restandzip on restaurants.rest_id = restandzip.rest_id  WHERE ( zipcode = 555 )  [ RunTime:0.0002s ]
INFO: [ app_end ] --START--
INFO: Run Behavior\ShowPageTraceBehavior [ RunTime:0.000815s ]
INFO: [ app_end ] --END-- [ RunTime:0.000833s ]

[ 2018-09-21T03:32:14+08:00 ] ::1 /thinkphp/index.php/Home/Rest/findByZip
INFO: [ app_init ] --START--
INFO: Run Behavior\BuildLiteBehavior [ RunTime:0.000005s ]
INFO: [ app_init ] --END-- [ RunTime:0.000407s ]
INFO: [ app_begin ] --START--
INFO: Run Behavior\ReadHtmlCacheBehavior [ RunTime:0.000688s ]
INFO: [ app_begin ] --END-- [ RunTime:0.000705s ]
SQL: SHOW COLUMNS FROM `restaurants` [ RunTime:0.0033s ]
SQL: SELECT * FROM `restaurants` INNER JOIN restandzip on restaurants.rest_id = restandzip.rest_id  WHERE ( zipcode = 555 )  [ RunTime:0.0003s ]
INFO: [ app_end ] --START--
INFO: Run Behavior\ShowPageTraceBehavior [ RunTime:0.000771s ]
INFO: [ app_end ] --END-- [ RunTime:0.000786s ]

[ 2018-09-21T03:32:15+08:00 ] ::1 /thinkphp/index.php/Home/Rest/findByZip
INFO: [ app_init ] --START--
INFO: Run Behavior\BuildLiteBehavior [ RunTime:0.000005s ]
INFO: [ app_init ] --END-- [ RunTime:0.000397s ]
INFO: [ app_begin ] --START--
INFO: Run Behavior\ReadHtmlCacheBehavior [ RunTime:0.000652s ]
INFO: [ app_begin ] --END-- [ RunTime:0.000669s ]
SQL: SHOW COLUMNS FROM `restaurants` [ RunTime:0.0038s ]
SQL: SELECT * FROM `restaurants` INNER JOIN restandzip on restaurants.rest_id = restandzip.rest_id  WHERE ( zipcode = 555 )  [ RunTime:0.0003s ]
INFO: [ app_end ] --START--
INFO: Run Behavior\ShowPageTraceBehavior [ RunTime:0.000772s ]
INFO: [ app_end ] --END-- [ RunTime:0.000787s ]

[ 2018-09-21T03:32:15+08:00 ] ::1 /thinkphp/index.php/Home/Rest/findByZip
INFO: [ app_init ] --START--
INFO: Run Behavior\BuildLiteBehavior [ RunTime:0.000005s ]
INFO: [ app_init ] --END-- [ RunTime:0.000395s ]
INFO: [ app_begin ] --START--
INFO: Run Behavior\ReadHtmlCacheBehavior [ RunTime:0.000664s ]
INFO: [ app_begin ] --END-- [ RunTime:0.000681s ]
SQL: SHOW COLUMNS FROM `restaurants` [ RunTime:0.0031s ]
SQL: SELECT * FROM `restaurants` INNER JOIN restandzip on restaurants.rest_id = restandzip.rest_id  WHERE ( zipcode = 555 )  [ RunTime:0.0002s ]
INFO: [ app_end ] --START--
INFO: Run Behavior\ShowPageTraceBehavior [ RunTime:0.000747s ]
INFO: [ app_end ] --END-- [ RunTime:0.000761s ]

[ 2018-09-21T03:32:15+08:00 ] ::1 /thinkphp/index.php/Home/Rest/findByZip
INFO: [ app_init ] --START--
INFO: Run Behavior\BuildLiteBehavior [ RunTime:0.000005s ]
INFO: [ app_init ] --END-- [ RunTime:0.000329s ]
INFO: [ app_begin ] --START--
INFO: Run Behavior\ReadHtmlCacheBehavior [ RunTime:0.000646s ]
INFO: [ app_begin ] --END-- [ RunTime:0.000664s ]
SQL: SHOW COLUMNS FROM `restaurants` [ RunTime:0.0034s ]
SQL: SELECT * FROM `restaurants` INNER JOIN restandzip on restaurants.rest_id = restandzip.rest_id  WHERE ( zipcode = 555 )  [ RunTime:0.0002s ]
INFO: [ app_end ] --START--
INFO: Run Behavior\ShowPageTraceBehavior [ RunTime:0.000762s ]
INFO: [ app_end ] --END-- [ RunTime:0.000777s ]

[ 2018-09-21T03:32:52+08:00 ] ::1 /thinkphp/index.php/Home/Rest/findByZip.html
INFO: [ app_init ] --START--
INFO: Run Behavior\BuildLiteBehavior [ RunTime:0.000005s ]
INFO: [ app_init ] --END-- [ RunTime:0.000363s ]

[ 2018-09-21T03:32:55+08:00 ] ::1 /thinkphp/index.php/Home/Rest/findByZip
INFO: [ app_init ] --START--
INFO: Run Behavior\BuildLiteBehavior [ RunTime:0.000005s ]
INFO: [ app_init ] --END-- [ RunTime:0.000406s ]
INFO: [ app_begin ] --START--
INFO: Run Behavior\ReadHtmlCacheBehavior [ RunTime:0.000649s ]
INFO: [ app_begin ] --END-- [ RunTime:0.000664s ]
SQL: SHOW COLUMNS FROM `restaurants` [ RunTime:0.0033s ]
SQL: SELECT * FROM `restaurants` INNER JOIN restandzip on restaurants.rest_id = restandzip.rest_id  WHERE ( zipcode = 323 )  [ RunTime:0.0003s ]
INFO: [ app_end ] --START--
INFO: Run Behavior\ShowPageTraceBehavior [ RunTime:0.000772s ]
INFO: [ app_end ] --END-- [ RunTime:0.000787s ]

[ 2018-09-21T03:34:45+08:00 ] ::1 /thinkphp/index.php/Home/Rest/findByZip.html
INFO: [ app_init ] --START--
INFO: Run Behavior\BuildLiteBehavior [ RunTime:0.000004s ]
INFO: [ app_init ] --END-- [ RunTime:0.000463s ]

[ 2018-09-21T03:34:48+08:00 ] ::1 /thinkphp/index.php/Home/Rest/findByZip
INFO: [ app_init ] --START--
INFO: Run Behavior\BuildLiteBehavior [ RunTime:0.000005s ]
INFO: [ app_init ] --END-- [ RunTime:0.000429s ]
INFO: [ app_begin ] --START--
INFO: Run Behavior\ReadHtmlCacheBehavior [ RunTime:0.000688s ]
INFO: [ app_begin ] --END-- [ RunTime:0.000706s ]
SQL: SHOW COLUMNS FROM `restaurants` [ RunTime:0.0107s ]
SQL: SELECT * FROM `restaurants` INNER JOIN restandzip on restaurants.rest_id = restandzip.rest_id  WHERE ( zipcode = 123 )  [ RunTime:0.0003s ]
INFO: [ app_end ] --START--
INFO: Run Behavior\ShowPageTraceBehavior [ RunTime:0.000783s ]
INFO: [ app_end ] --END-- [ RunTime:0.000799s ]

[ 2018-09-21T03:35:19+08:00 ] ::1 /thinkphp/index.php/Home/Rest/findByZip.html
INFO: [ app_init ] --START--
INFO: Run Behavior\BuildLiteBehavior [ RunTime:0.000009s ]
INFO: [ app_init ] --END-- [ RunTime:0.000638s ]

[ 2018-09-21T03:35:23+08:00 ] ::1 /thinkphp/index.php/Home/Rest/findByZip
INFO: [ app_init ] --START--
INFO: Run Behavior\BuildLiteBehavior [ RunTime:0.000004s ]
INFO: [ app_init ] --END-- [ RunTime:0.000333s ]
INFO: [ app_begin ] --START--
INFO: Run Behavior\ReadHtmlCacheBehavior [ RunTime:0.000594s ]
INFO: [ app_begin ] --END-- [ RunTime:0.000610s ]
SQL: SHOW COLUMNS FROM `restaurants` [ RunTime:0.0033s ]
SQL: SELECT * FROM `restaurants` INNER JOIN restandzip on restaurants.rest_id = restandzip.rest_id  WHERE ( zipcode = 124 )  [ RunTime:0.0002s ]
INFO: [ app_end ] --START--
INFO: Run Behavior\ShowPageTraceBehavior [ RunTime:0.000769s ]
INFO: [ app_end ] --END-- [ RunTime:0.000784s ]

[ 2018-09-21T03:37:43+08:00 ] ::1 /thinkphp/index.php/Home/Rest/findByZip.html
INFO: [ app_init ] --START--
INFO: Run Behavior\BuildLiteBehavior [ RunTime:0.000005s ]
INFO: [ app_init ] --END-- [ RunTime:0.000509s ]

[ 2018-09-21T03:37:44+08:00 ] ::1 /thinkphp/index.php/Home/Rest/findByZip
INFO: [ app_init ] --START--
INFO: Run Behavior\BuildLiteBehavior [ RunTime:0.000004s ]
INFO: [ app_init ] --END-- [ RunTime:0.000327s ]
INFO: [ app_begin ] --START--
INFO: Run Behavior\ReadHtmlCacheBehavior [ RunTime:0.000595s ]
INFO: [ app_begin ] --END-- [ RunTime:0.000612s ]
SQL: SHOW COLUMNS FROM `restaurants` [ RunTime:0.0034s ]
SQL: SELECT * FROM `restaurants` INNER JOIN restandzip on restaurants.rest_id = restandzip.rest_id  WHERE ( zipcode = 123213 )  [ RunTime:0.0003s ]
INFO: [ app_end ] --START--
INFO: Run Behavior\ShowPageTraceBehavior [ RunTime:0.000777s ]
INFO: [ app_end ] --END-- [ RunTime:0.000792s ]

[ 2018-09-21T03:38:09+08:00 ] ::1 /thinkphp/index.php/Home/Rest/findByZip.html
INFO: [ app_init ] --START--
INFO: Run Behavior\BuildLiteBehavior [ RunTime:0.000006s ]
INFO: [ app_init ] --END-- [ RunTime:0.000516s ]

[ 2018-09-21T03:38:11+08:00 ] ::1 /thinkphp/index.php/Home/Rest/findByZip
INFO: [ app_init ] --START--
INFO: Run Behavior\BuildLiteBehavior [ RunTime:0.000005s ]
INFO: [ app_init ] --END-- [ RunTime:0.000410s ]
INFO: [ app_begin ] --START--
INFO: Run Behavior\ReadHtmlCacheBehavior [ RunTime:0.000658s ]
INFO: [ app_begin ] --END-- [ RunTime:0.000675s ]
SQL: SHOW COLUMNS FROM `restaurants` [ RunTime:0.0032s ]
SQL: SELECT * FROM `restaurants` INNER JOIN restandzip on restaurants.rest_id = restandzip.rest_id  WHERE ( zipcode = 123 )  [ RunTime:0.0002s ]
INFO: [ app_end ] --START--
INFO: Run Behavior\ShowPageTraceBehavior [ RunTime:0.000782s ]
INFO: [ app_end ] --END-- [ RunTime:0.000797s ]

[ 2018-09-21T03:44:07+08:00 ] ::1 /thinkphp/index.php/Home/Rest/findByZip
INFO: [ app_init ] --START--
INFO: Run Behavior\BuildLiteBehavior [ RunTime:0.000005s ]
INFO: [ app_init ] --END-- [ RunTime:0.000404s ]
INFO: [ app_begin ] --START--
INFO: Run Behavior\ReadHtmlCacheBehavior [ RunTime:0.000823s ]
INFO: [ app_begin ] --END-- [ RunTime:0.000842s ]
SQL: SHOW COLUMNS FROM `restaurants` [ RunTime:0.0034s ]
SQL: SELECT * FROM `restaurants` INNER JOIN restandzip on restaurants.rest_id = restandzip.rest_id  WHERE ( zipcode = 123 )  [ RunTime:0.0003s ]
INFO: [ app_end ] --START--
INFO: Run Behavior\ShowPageTraceBehavior [ RunTime:0.000828s ]
INFO: [ app_end ] --END-- [ RunTime:0.000843s ]

[ 2018-09-21T03:44:10+08:00 ] ::1 /thinkphp/index.php/Home/Rest/findByZip
INFO: [ app_init ] --START--
INFO: Run Behavior\BuildLiteBehavior [ RunTime:0.000004s ]
INFO: [ app_init ] --END-- [ RunTime:0.000376s ]
INFO: [ app_begin ] --START--
INFO: Run Behavior\ReadHtmlCacheBehavior [ RunTime:0.000616s ]
INFO: [ app_begin ] --END-- [ RunTime:0.000633s ]
SQL: SHOW COLUMNS FROM `restaurants` [ RunTime:0.0039s ]
SQL: SELECT * FROM `restaurants` INNER JOIN restandzip on restaurants.rest_id = restandzip.rest_id  WHERE ( zipcode = 02120 )  [ RunTime:0.0002s ]
INFO: [ app_end ] --START--
INFO: Run Behavior\ShowPageTraceBehavior [ RunTime:0.000739s ]
INFO: [ app_end ] --END-- [ RunTime:0.000752s ]

[ 2018-09-21T03:44:11+08:00 ] ::1 /thinkphp/index.php/Home/Rest/findByZip
INFO: [ app_init ] --START--
INFO: Run Behavior\BuildLiteBehavior [ RunTime:0.000005s ]
INFO: [ app_init ] --END-- [ RunTime:0.000439s ]
INFO: [ app_begin ] --START--
INFO: Run Behavior\ReadHtmlCacheBehavior [ RunTime:0.000673s ]
INFO: [ app_begin ] --END-- [ RunTime:0.000692s ]
SQL: SHOW COLUMNS FROM `restaurants` [ RunTime:0.0032s ]
SQL: SELECT * FROM `restaurants` INNER JOIN restandzip on restaurants.rest_id = restandzip.rest_id  WHERE ( zipcode = 02120 )  [ RunTime:0.0002s ]
INFO: [ app_end ] --START--
INFO: Run Behavior\ShowPageTraceBehavior [ RunTime:0.000746s ]
INFO: [ app_end ] --END-- [ RunTime:0.000761s ]

[ 2018-09-21T03:44:33+08:00 ] ::1 /thinkphp/index.php/Home/Rest/restPage?id=undefined
INFO: [ app_init ] --START--
INFO: Run Behavior\BuildLiteBehavior [ RunTime:0.000005s ]
INFO: [ app_init ] --END-- [ RunTime:0.000396s ]
ERR: 1054:Unknown column 'undefined' in 'where clause'
 [ SQL语句 ] : SELECT * FROM `restaurants` WHERE ( rest_id = undefined ) 

[ 2018-09-21T03:44:36+08:00 ] ::1 /thinkphp/index.php/Home/Rest/findByZip
INFO: [ app_init ] --START--
INFO: Run Behavior\BuildLiteBehavior [ RunTime:0.000006s ]
INFO: [ app_init ] --END-- [ RunTime:0.000446s ]
INFO: [ app_begin ] --START--
INFO: Run Behavior\ReadHtmlCacheBehavior [ RunTime:0.000676s ]
INFO: [ app_begin ] --END-- [ RunTime:0.000696s ]
SQL: SHOW COLUMNS FROM `restaurants` [ RunTime:0.0040s ]
SQL: SELECT * FROM `restaurants` INNER JOIN restandzip on restaurants.rest_id = restandzip.rest_id  WHERE ( zipcode = 02120 )  [ RunTime:0.0003s ]
INFO: [ app_end ] --START--
INFO: Run Behavior\ShowPageTraceBehavior [ RunTime:0.000750s ]
INFO: [ app_end ] --END-- [ RunTime:0.000765s ]

[ 2018-09-21T03:45:15+08:00 ] ::1 /thinkphp/index.php/Home/Rest/findByZip.html
INFO: [ app_init ] --START--
INFO: Run Behavior\BuildLiteBehavior [ RunTime:0.000009s ]
INFO: [ app_init ] --END-- [ RunTime:0.000553s ]

[ 2018-09-21T03:45:18+08:00 ] ::1 /thinkphp/index.php/Home/Rest/findByZip
INFO: [ app_init ] --START--
INFO: Run Behavior\BuildLiteBehavior [ RunTime:0.000004s ]
INFO: [ app_init ] --END-- [ RunTime:0.000393s ]
INFO: [ app_begin ] --START--
INFO: Run Behavior\ReadHtmlCacheBehavior [ RunTime:0.000657s ]
INFO: [ app_begin ] --END-- [ RunTime:0.000674s ]
SQL: SHOW COLUMNS FROM `restaurants` [ RunTime:0.0033s ]
SQL: SELECT * FROM `restaurants` INNER JOIN restandzip on restaurants.rest_id = restandzip.rest_id  WHERE ( zipcode = 02120 )  [ RunTime:0.0002s ]
INFO: [ app_end ] --START--
INFO: Run Behavior\ShowPageTraceBehavior [ RunTime:0.000753s ]
INFO: [ app_end ] --END-- [ RunTime:0.000768s ]

[ 2018-09-21T03:46:18+08:00 ] ::1 /thinkphp/index.php/Home/Rest/findByZip.html
INFO: [ app_init ] --START--
INFO: Run Behavior\BuildLiteBehavior [ RunTime:0.000005s ]
INFO: [ app_init ] --END-- [ RunTime:0.001353s ]

[ 2018-09-21T03:46:20+08:00 ] ::1 /thinkphp/index.php/Home/Rest/findByZip
INFO: [ app_init ] --START--
INFO: Run Behavior\BuildLiteBehavior [ RunTime:0.000005s ]
INFO: [ app_init ] --END-- [ RunTime:0.000402s ]
INFO: [ app_begin ] --START--
INFO: Run Behavior\ReadHtmlCacheBehavior [ RunTime:0.000639s ]
INFO: [ app_begin ] --END-- [ RunTime:0.000655s ]
SQL: SHOW COLUMNS FROM `restaurants` [ RunTime:0.0035s ]
SQL: SELECT * FROM `restaurants` INNER JOIN restandzip on restaurants.rest_id = restandzip.rest_id  WHERE ( zipcode = 02120 )  [ RunTime:0.0003s ]
INFO: [ app_end ] --START--
INFO: Run Behavior\ShowPageTraceBehavior [ RunTime:0.000742s ]
INFO: [ app_end ] --END-- [ RunTime:0.000756s ]

[ 2018-09-21T03:46:47+08:00 ] ::1 /thinkphp/index.php/Home/Rest/findByZip.html
INFO: [ app_init ] --START--
INFO: Run Behavior\BuildLiteBehavior [ RunTime:0.000005s ]
INFO: [ app_init ] --END-- [ RunTime:0.000448s ]

[ 2018-09-21T03:46:49+08:00 ] ::1 /thinkphp/index.php/Home/Rest/findByZip
INFO: [ app_init ] --START--
INFO: Run Behavior\BuildLiteBehavior [ RunTime:0.000004s ]
INFO: [ app_init ] --END-- [ RunTime:0.000400s ]
INFO: [ app_begin ] --START--
INFO: Run Behavior\ReadHtmlCacheBehavior [ RunTime:0.000653s ]
INFO: [ app_begin ] --END-- [ RunTime:0.000669s ]
SQL: SHOW COLUMNS FROM `restaurants` [ RunTime:0.0032s ]
SQL: SELECT * FROM `restaurants` INNER JOIN restandzip on restaurants.rest_id = restandzip.rest_id  WHERE ( zipcode = 02120 )  [ RunTime:0.0003s ]
INFO: [ app_end ] --START--
INFO: Run Behavior\ShowPageTraceBehavior [ RunTime:0.000735s ]
INFO: [ app_end ] --END-- [ RunTime:0.000750s ]

[ 2018-09-21T03:46:51+08:00 ] ::1 /thinkphp/index.php/Home/Rest/findByZip
INFO: [ app_init ] --START--
INFO: Run Behavior\BuildLiteBehavior [ RunTime:0.000005s ]
INFO: [ app_init ] --END-- [ RunTime:0.000389s ]
INFO: [ app_begin ] --START--
INFO: Run Behavior\ReadHtmlCacheBehavior [ RunTime:0.000646s ]
INFO: [ app_begin ] --END-- [ RunTime:0.000662s ]
SQL: SHOW COLUMNS FROM `restaurants` [ RunTime:0.0033s ]
SQL: SELECT * FROM `restaurants` INNER JOIN restandzip on restaurants.rest_id = restandzip.rest_id  WHERE ( zipcode = 02115 )  [ RunTime:0.0004s ]
INFO: [ app_end ] --START--
INFO: Run Behavior\ShowPageTraceBehavior [ RunTime:0.001073s ]
INFO: [ app_end ] --END-- [ RunTime:0.001126s ]

[ 2018-09-21T03:46:55+08:00 ] ::1 /thinkphp/index.php/Home/Rest/findByZip
INFO: [ app_init ] --START--
INFO: Run Behavior\BuildLiteBehavior [ RunTime:0.000004s ]
INFO: [ app_init ] --END-- [ RunTime:0.000329s ]
INFO: [ app_begin ] --START--
INFO: Run Behavior\ReadHtmlCacheBehavior [ RunTime:0.000578s ]
INFO: [ app_begin ] --END-- [ RunTime:0.000593s ]
SQL: SHOW COLUMNS FROM `restaurants` [ RunTime:0.0037s ]
SQL: SELECT * FROM `restaurants` INNER JOIN restandzip on restaurants.rest_id = restandzip.rest_id  WHERE ( zipcode = 02111 )  [ RunTime:0.0003s ]
INFO: [ app_end ] --START--
INFO: Run Behavior\ShowPageTraceBehavior [ RunTime:0.000777s ]
INFO: [ app_end ] --END-- [ RunTime:0.000791s ]

[ 2018-09-21T03:46:58+08:00 ] ::1 /thinkphp/index.php/Home/Rest/findByZip
INFO: [ app_init ] --START--
INFO: Run Behavior\BuildLiteBehavior [ RunTime:0.000004s ]
INFO: [ app_init ] --END-- [ RunTime:0.000352s ]
INFO: [ app_begin ] --START--
INFO: Run Behavior\ReadHtmlCacheBehavior [ RunTime:0.000713s ]
INFO: [ app_begin ] --END-- [ RunTime:0.000728s ]
SQL: SHOW COLUMNS FROM `restaurants` [ RunTime:0.0034s ]
SQL: SELECT * FROM `restaurants` INNER JOIN restandzip on restaurants.rest_id = restandzip.rest_id  WHERE ( zipcode = 02134 )  [ RunTime:0.0003s ]
INFO: [ app_end ] --START--
INFO: Run Behavior\ShowPageTraceBehavior [ RunTime:0.000805s ]
INFO: [ app_end ] --END-- [ RunTime:0.000820s ]

[ 2018-09-21T03:47:01+08:00 ] ::1 /thinkphp/index.php/Home/Rest
INFO: [ app_init ] --START--
INFO: Run Behavior\BuildLiteBehavior [ RunTime:0.000005s ]
INFO: [ app_init ] --END-- [ RunTime:0.000407s ]

[ 2018-09-21T03:47:07+08:00 ] ::1 /thinkphp/index.php/Home/Rest/googleMap.html
INFO: [ app_init ] --START--
INFO: Run Behavior\BuildLiteBehavior [ RunTime:0.000005s ]
INFO: [ app_init ] --END-- [ RunTime:0.000382s ]

[ 2018-09-21T03:47:16+08:00 ] ::1 /thinkphp/index.php/Home/Rest/findByAddr.html
INFO: [ app_init ] --START--
INFO: Run Behavior\BuildLiteBehavior [ RunTime:0.000004s ]
INFO: [ app_init ] --END-- [ RunTime:0.000329s ]

[ 2018-09-21T03:47:24+08:00 ] ::1 /thinkphp/index.php/Home/Rest/findByZip
INFO: [ app_init ] --START--
INFO: Run Behavior\BuildLiteBehavior [ RunTime:0.000007s ]
INFO: [ app_init ] --END-- [ RunTime:0.000478s ]
INFO: [ app_begin ] --START--
INFO: Run Behavior\ReadHtmlCacheBehavior [ RunTime:0.000800s ]
INFO: [ app_begin ] --END-- [ RunTime:0.000817s ]
SQL: SHOW COLUMNS FROM `restaurants` [ RunTime:0.0034s ]
SQL: SELECT * FROM `restaurants` INNER JOIN restandzip on restaurants.rest_id = restandzip.rest_id  WHERE ( zipcode = 02108 )  [ RunTime:0.0002s ]
INFO: [ app_end ] --START--
INFO: Run Behavior\ShowPageTraceBehavior [ RunTime:0.000799s ]
INFO: [ app_end ] --END-- [ RunTime:0.000814s ]

[ 2018-09-21T03:47:42+08:00 ] ::1 /thinkphp/index.php/Home/Rest/findByZip
INFO: [ app_init ] --START--
INFO: Run Behavior\BuildLiteBehavior [ RunTime:0.000005s ]
INFO: [ app_init ] --END-- [ RunTime:0.000391s ]
INFO: [ app_begin ] --START--
INFO: Run Behavior\ReadHtmlCacheBehavior [ RunTime:0.000652s ]
INFO: [ app_begin ] --END-- [ RunTime:0.000668s ]
SQL: SHOW COLUMNS FROM `restaurants` [ RunTime:0.0035s ]
SQL: SELECT * FROM `restaurants` INNER JOIN restandzip on restaurants.rest_id = restandzip.rest_id  WHERE ( zipcode = 02110 )  [ RunTime:0.0003s ]
INFO: [ app_end ] --START--
INFO: Run Behavior\ShowPageTraceBehavior [ RunTime:0.000770s ]
INFO: [ app_end ] --END-- [ RunTime:0.000785s ]

[ 2018-09-21T03:47:54+08:00 ] ::1 /thinkphp/index.php/Home/Rest
INFO: [ app_init ] --START--
INFO: Run Behavior\BuildLiteBehavior [ RunTime:0.000004s ]
INFO: [ app_init ] --END-- [ RunTime:0.000321s ]

[ 2018-09-21T03:47:56+08:00 ] ::1 /thinkphp/index.php/Home/
INFO: [ app_init ] --START--
INFO: Run Behavior\BuildLiteBehavior [ RunTime:0.000004s ]
INFO: [ app_init ] --END-- [ RunTime:0.000395s ]

[ 2018-09-21T03:47:57+08:00 ] ::1 /thinkphp/index.php/Home/Rest/Index.html
INFO: [ app_init ] --START--
INFO: Run Behavior\BuildLiteBehavior [ RunTime:0.000004s ]
INFO: [ app_init ] --END-- [ RunTime:0.000331s ]

[ 2018-09-21T03:47:59+08:00 ] ::1 /thinkphp/index.php/Home/Rest/findByAddr.html
INFO: [ app_init ] --START--
INFO: Run Behavior\BuildLiteBehavior [ RunTime:0.000004s ]
INFO: [ app_init ] --END-- [ RunTime:0.000397s ]

[ 2018-09-21T03:48:28+08:00 ] ::1 /thinkphp/index.php/Home/Rest/findByAddr.html
INFO: [ app_init ] --START--
INFO: Run Behavior\BuildLiteBehavior [ RunTime:0.000007s ]
INFO: [ app_init ] --END-- [ RunTime:0.000694s ]

[ 2018-09-21T03:48:36+08:00 ] ::1 /thinkphp/index.php/Home/Rest/findByAddr.html
INFO: [ app_init ] --START--
INFO: Run Behavior\BuildLiteBehavior [ RunTime:0.000005s ]
INFO: [ app_init ] --END-- [ RunTime:0.000343s ]

[ 2018-09-21T03:48:39+08:00 ] ::1 /thinkphp/index.php/Home/Rest/Rest.html
INFO: [ app_init ] --START--
INFO: Run Behavior\BuildLiteBehavior [ RunTime:0.000006s ]
INFO: [ app_init ] --END-- [ RunTime:0.000433s ]
ERR: 非法操作:Rest

[ 2018-09-21T03:48:52+08:00 ] ::1 /thinkphp/index.php/Home/Rest/findByAddr.html
INFO: [ app_init ] --START--
INFO: Run Behavior\BuildLiteBehavior [ RunTime:0.000005s ]
INFO: [ app_init ] --END-- [ RunTime:0.000405s ]

[ 2018-09-21T03:48:54+08:00 ] ::1 /thinkphp/index.php/Home/Rest/index.html
INFO: [ app_init ] --START--
INFO: Run Behavior\BuildLiteBehavior [ RunTime:0.000004s ]
INFO: [ app_init ] --END-- [ RunTime:0.000414s ]

[ 2018-09-21T03:49:24+08:00 ] ::1 /thinkphp/index.php/Home/Rest/findByAddr.html
INFO: [ app_init ] --START--
INFO: Run Behavior\BuildLiteBehavior [ RunTime:0.000005s ]
INFO: [ app_init ] --END-- [ RunTime:0.000372s ]

[ 2018-09-21T03:49:25+08:00 ] ::1 /thinkphp/index.php/Home/Rest/index.html
INFO: [ app_init ] --START--
INFO: Run Behavior\BuildLiteBehavior [ RunTime:0.000005s ]
INFO: [ app_init ] --END-- [ RunTime:0.000449s ]

[ 2018-09-21T03:50:16+08:00 ] ::1 /thinkphp/index.php/Home/Rest/findByZip.html
INFO: [ app_init ] --START--
INFO: Run Behavior\BuildLiteBehavior [ RunTime:0.000005s ]
INFO: [ app_init ] --END-- [ RunTime:0.000401s ]

[ 2018-09-21T03:50:19+08:00 ] ::1 /thinkphp/index.php/Home/Rest/findByZip
INFO: [ app_init ] --START--
INFO: Run Behavior\BuildLiteBehavior [ RunTime:0.000004s ]
INFO: [ app_init ] --END-- [ RunTime:0.000389s ]
INFO: [ app_begin ] --START--
INFO: Run Behavior\ReadHtmlCacheBehavior [ RunTime:0.000616s ]
INFO: [ app_begin ] --END-- [ RunTime:0.000632s ]
SQL: SHOW COLUMNS FROM `restaurants` [ RunTime:0.0033s ]
SQL: SELECT * FROM `restaurants` INNER JOIN restandzip on restaurants.rest_id = restandzip.rest_id  WHERE ( zipcode = 02120 )  [ RunTime:0.0003s ]
INFO: [ app_end ] --START--
INFO: Run Behavior\ShowPageTraceBehavior [ RunTime:0.000726s ]
INFO: [ app_end ] --END-- [ RunTime:0.000741s ]

[ 2018-09-21T03:50:20+08:00 ] ::1 /thinkphp/index.php/Home/Rest/restPage?id=1
INFO: [ app_init ] --START--
INFO: Run Behavior\BuildLiteBehavior [ RunTime:0.000004s ]
INFO: [ app_init ] --END-- [ RunTime:0.000362s ]

[ 2018-09-21T03:50:36+08:00 ] ::1 /thinkphp/index.php/Home/Rest/findByZip
INFO: [ app_init ] --START--
INFO: Run Behavior\BuildLiteBehavior [ RunTime:0.000005s ]
INFO: [ app_init ] --END-- [ RunTime:0.000400s ]
INFO: [ app_begin ] --START--
INFO: Run Behavior\ReadHtmlCacheBehavior [ RunTime:0.000658s ]
INFO: [ app_begin ] --END-- [ RunTime:0.000674s ]
SQL: SHOW COLUMNS FROM `restaurants` [ RunTime:0.0032s ]
SQL: SELECT * FROM `restaurants` INNER JOIN restandzip on restaurants.rest_id = restandzip.rest_id  WHERE ( zipcode = 02120 )  [ RunTime:0.0003s ]
INFO: [ app_end ] --START--
INFO: Run Behavior\ShowPageTraceBehavior [ RunTime:0.000728s ]
INFO: [ app_end ] --END-- [ RunTime:0.000743s ]

[ 2018-09-21T03:50:37+08:00 ] ::1 /thinkphp/index.php/Home/Rest/restPage?id=1
INFO: [ app_init ] --START--
INFO: Run Behavior\BuildLiteBehavior [ RunTime:0.000005s ]
INFO: [ app_init ] --END-- [ RunTime:0.000401s ]

[ 2018-09-21T03:50:50+08:00 ] ::1 /thinkphp/index.php/Home/Rest/restPage?id=1
INFO: [ app_init ] --START--
INFO: Run Behavior\BuildLiteBehavior [ RunTime:0.000005s ]
INFO: [ app_init ] --END-- [ RunTime:0.000411s ]

[ 2018-09-21T03:50:52+08:00 ] ::1 /thinkphp/index.php/Home/Rest/index.html
INFO: [ app_init ] --START--
INFO: Run Behavior\BuildLiteBehavior [ RunTime:0.000004s ]
INFO: [ app_init ] --END-- [ RunTime:0.000344s ]

[ 2018-09-21T03:50:54+08:00 ] ::1 /thinkphp/index.php/Home/Rest/findByZip.html
INFO: [ app_init ] --START--
INFO: Run Behavior\BuildLiteBehavior [ RunTime:0.000004s ]
INFO: [ app_init ] --END-- [ RunTime:0.000436s ]

[ 2018-09-21T03:50:57+08:00 ] ::1 /thinkphp/index.php/Home/Rest/findByZip
INFO: [ app_init ] --START--
INFO: Run Behavior\BuildLiteBehavior [ RunTime:0.000004s ]
INFO: [ app_init ] --END-- [ RunTime:0.000421s ]
INFO: [ app_begin ] --START--
INFO: Run Behavior\ReadHtmlCacheBehavior [ RunTime:0.000656s ]
INFO: [ app_begin ] --END-- [ RunTime:0.000671s ]
SQL: SHOW COLUMNS FROM `restaurants` [ RunTime:0.0034s ]
SQL: SELECT * FROM `restaurants` INNER JOIN restandzip on restaurants.rest_id = restandzip.rest_id  WHERE ( zipcode = 02120 )  [ RunTime:0.0003s ]
INFO: [ app_end ] --START--
INFO: Run Behavior\ShowPageTraceBehavior [ RunTime:0.007664s ]
INFO: [ app_end ] --END-- [ RunTime:0.007686s ]

[ 2018-09-21T03:50:59+08:00 ] ::1 /thinkphp/index.php/Home/Rest/restPage?id=3
INFO: [ app_init ] --START--
INFO: Run Behavior\BuildLiteBehavior [ RunTime:0.000004s ]
INFO: [ app_init ] --END-- [ RunTime:0.000369s ]

[ 2018-09-21T03:51:14+08:00 ] ::1 /thinkphp/index.php/Home/Rest/index.html
INFO: [ app_init ] --START--
INFO: Run Behavior\BuildLiteBehavior [ RunTime:0.000005s ]
INFO: [ app_init ] --END-- [ RunTime:0.000377s ]

[ 2018-09-21T03:51:15+08:00 ] ::1 /thinkphp/index.php/Home/Rest/findByAddr.html
INFO: [ app_init ] --START--
INFO: Run Behavior\BuildLiteBehavior [ RunTime:0.000005s ]
INFO: [ app_init ] --END-- [ RunTime:0.000400s ]

[ 2018-09-21T03:51:25+08:00 ] ::1 /thinkphp/index.php/Home/Rest/findByZip
INFO: [ app_init ] --START--
INFO: Run Behavior\BuildLiteBehavior [ RunTime:0.000005s ]
INFO: [ app_init ] --END-- [ RunTime:0.000417s ]
INFO: [ app_begin ] --START--
INFO: Run Behavior\ReadHtmlCacheBehavior [ RunTime:0.000674s ]
INFO: [ app_begin ] --END-- [ RunTime:0.000691s ]
SQL: SHOW COLUMNS FROM `restaurants` [ RunTime:0.0034s ]
SQL: SELECT * FROM `restaurants` INNER JOIN restandzip on restaurants.rest_id = restandzip.rest_id  WHERE ( zipcode = 02116 )  [ RunTime:0.0003s ]
INFO: [ app_end ] --START--
INFO: Run Behavior\ShowPageTraceBehavior [ RunTime:0.000801s ]
INFO: [ app_end ] --END-- [ RunTime:0.000816s ]

[ 2018-09-21T03:53:56+08:00 ] ::1 /thinkphp/index.php/Home/Rest/findByZip
INFO: [ app_init ] --START--
INFO: Run Behavior\BuildLiteBehavior [ RunTime:0.000005s ]
INFO: [ app_init ] --END-- [ RunTime:0.000469s ]
INFO: [ app_begin ] --START--
INFO: Run Behavior\ReadHtmlCacheBehavior [ RunTime:0.000709s ]
INFO: [ app_begin ] --END-- [ RunTime:0.000725s ]
SQL: SHOW COLUMNS FROM `restaurants` [ RunTime:0.0034s ]
SQL: SELECT * FROM `restaurants` INNER JOIN restandzip on restaurants.rest_id = restandzip.rest_id  WHERE ( zipcode = 02116 )  [ RunTime:0.0003s ]
INFO: [ app_end ] --START--
INFO: Run Behavior\ShowPageTraceBehavior [ RunTime:0.000896s ]
INFO: [ app_end ] --END-- [ RunTime:0.000912s ]

[ 2018-09-21T03:53:57+08:00 ] ::1 /thinkphp/index.php/Home/Rest/findByAddr.html
INFO: [ app_init ] --START--
INFO: Run Behavior\BuildLiteBehavior [ RunTime:0.000006s ]
INFO: [ app_init ] --END-- [ RunTime:0.000436s ]

[ 2018-09-21T03:54:00+08:00 ] ::1 /thinkphp/index.php/Home/Rest/findByZip
INFO: [ app_init ] --START--
INFO: Run Behavior\BuildLiteBehavior [ RunTime:0.000004s ]
INFO: [ app_init ] --END-- [ RunTime:0.000397s ]
INFO: [ app_begin ] --START--
INFO: Run Behavior\ReadHtmlCacheBehavior [ RunTime:0.000663s ]
INFO: [ app_begin ] --END-- [ RunTime:0.000680s ]
SQL: SHOW COLUMNS FROM `restaurants` [ RunTime:0.0040s ]
SQL: SELECT * FROM `restaurants` INNER JOIN restandzip on restaurants.rest_id = restandzip.rest_id  WHERE ( zipcode = 02108 )  [ RunTime:0.0003s ]
INFO: [ app_end ] --START--
INFO: Run Behavior\ShowPageTraceBehavior [ RunTime:0.000822s ]
INFO: [ app_end ] --END-- [ RunTime:0.000838s ]

[ 2018-09-21T03:54:50+08:00 ] ::1 /thinkphp/index.php/Home/Rest/findByAddr.html
INFO: [ app_init ] --START--
INFO: Run Behavior\BuildLiteBehavior [ RunTime:0.000005s ]
INFO: [ app_init ] --END-- [ RunTime:0.000431s ]

[ 2018-09-21T03:55:53+08:00 ] ::1 /thinkphp/index.php/Home/Rest/findByZip
INFO: [ app_init ] --START--
INFO: Run Behavior\BuildLiteBehavior [ RunTime:0.000004s ]
INFO: [ app_init ] --END-- [ RunTime:0.000400s ]
INFO: [ app_begin ] --START--
INFO: Run Behavior\ReadHtmlCacheBehavior [ RunTime:0.000657s ]
INFO: [ app_begin ] --END-- [ RunTime:0.000673s ]
SQL: SHOW COLUMNS FROM `restaurants` [ RunTime:0.0033s ]
SQL: SELECT * FROM `restaurants` INNER JOIN restandzip on restaurants.rest_id = restandzip.rest_id  WHERE ( zipcode = 02120 )  [ RunTime:0.0003s ]
INFO: [ app_end ] --START--
INFO: Run Behavior\ShowPageTraceBehavior [ RunTime:0.000740s ]
INFO: [ app_end ] --END-- [ RunTime:0.000756s ]

[ 2018-09-21T03:56:19+08:00 ] ::1 /thinkphp/index.php/Home/Rest/findByAddr.html
INFO: [ app_init ] --START--
INFO: Run Behavior\BuildLiteBehavior [ RunTime:0.000005s ]
INFO: [ app_init ] --END-- [ RunTime:0.000442s ]

[ 2018-09-21T03:56:21+08:00 ] ::1 /thinkphp/index.php/Home/Rest/findByZip
INFO: [ app_init ] --START--
INFO: Run Behavior\BuildLiteBehavior [ RunTime:0.000006s ]
INFO: [ app_init ] --END-- [ RunTime:0.000390s ]
INFO: [ app_begin ] --START--
INFO: Run Behavior\ReadHtmlCacheBehavior [ RunTime:0.000661s ]
INFO: [ app_begin ] --END-- [ RunTime:0.000678s ]
SQL: SHOW COLUMNS FROM `restaurants` [ RunTime:0.0034s ]
SQL: SELECT * FROM `restaurants` INNER JOIN restandzip on restaurants.rest_id = restandzip.rest_id  WHERE ( zipcode = 02108 )  [ RunTime:0.0003s ]
INFO: [ app_end ] --START--
INFO: Run Behavior\ShowPageTraceBehavior [ RunTime:0.000771s ]
INFO: [ app_end ] --END-- [ RunTime:0.000786s ]

[ 2018-09-21T03:56:35+08:00 ] ::1 /thinkphp/index.php/Home/Rest/findByAddr.html
INFO: [ app_init ] --START--
INFO: Run Behavior\BuildLiteBehavior [ RunTime:0.000005s ]
INFO: [ app_init ] --END-- [ RunTime:0.000331s ]

[ 2018-09-21T03:56:37+08:00 ] ::1 /thinkphp/index.php/Home/Rest/findByZip
INFO: [ app_init ] --START--
INFO: Run Behavior\BuildLiteBehavior [ RunTime:0.000004s ]
INFO: [ app_init ] --END-- [ RunTime:0.000325s ]
INFO: [ app_begin ] --START--
INFO: Run Behavior\ReadHtmlCacheBehavior [ RunTime:0.000579s ]
INFO: [ app_begin ] --END-- [ RunTime:0.000594s ]
SQL: SHOW COLUMNS FROM `restaurants` [ RunTime:0.0032s ]
SQL: SELECT * FROM `restaurants` INNER JOIN restandzip on restaurants.rest_id = restandzip.rest_id  WHERE ( zipcode = 02108 )  [ RunTime:0.0003s ]
INFO: [ app_end ] --START--
INFO: Run Behavior\ShowPageTraceBehavior [ RunTime:0.000741s ]
INFO: [ app_end ] --END-- [ RunTime:0.000755s ]

[ 2018-09-21T03:56:39+08:00 ] ::1 /thinkphp/index.php/Home/Rest/findByZip
INFO: [ app_init ] --START--
INFO: Run Behavior\BuildLiteBehavior [ RunTime:0.000003s ]
INFO: [ app_init ] --END-- [ RunTime:0.000393s ]
INFO: [ app_begin ] --START--
INFO: Run Behavior\ReadHtmlCacheBehavior [ RunTime:0.000643s ]
INFO: [ app_begin ] --END-- [ RunTime:0.000658s ]
SQL: SHOW COLUMNS FROM `restaurants` [ RunTime:0.0034s ]
SQL: SELECT * FROM `restaurants` INNER JOIN restandzip on restaurants.rest_id = restandzip.rest_id  WHERE ( zipcode = 02108 )  [ RunTime:0.0002s ]
INFO: [ app_end ] --START--
INFO: Run Behavior\ShowPageTraceBehavior [ RunTime:0.009635s ]
INFO: [ app_end ] --END-- [ RunTime:0.009650s ]

[ 2018-09-21T03:56:44+08:00 ] ::1 /thinkphp/index.php/Home/Rest/findByZip
INFO: [ app_init ] --START--
INFO: Run Behavior\BuildLiteBehavior [ RunTime:0.000004s ]
INFO: [ app_init ] --END-- [ RunTime:0.000406s ]
INFO: [ app_begin ] --START--
INFO: Run Behavior\ReadHtmlCacheBehavior [ RunTime:0.000821s ]
INFO: [ app_begin ] --END-- [ RunTime:0.000846s ]
SQL: SHOW COLUMNS FROM `restaurants` [ RunTime:0.0039s ]
SQL: SELECT * FROM `restaurants` INNER JOIN restandzip on restaurants.rest_id = restandzip.rest_id  WHERE ( zipcode = 02111 )  [ RunTime:0.0003s ]
INFO: [ app_end ] --START--
INFO: Run Behavior\ShowPageTraceBehavior [ RunTime:0.000799s ]
INFO: [ app_end ] --END-- [ RunTime:0.000817s ]

[ 2018-09-21T03:56:55+08:00 ] ::1 /thinkphp/index.php/Home/Rest/findByZip
INFO: [ app_init ] --START--
INFO: Run Behavior\BuildLiteBehavior [ RunTime:0.000004s ]
INFO: [ app_init ] --END-- [ RunTime:0.000421s ]
INFO: [ app_begin ] --START--
INFO: Run Behavior\ReadHtmlCacheBehavior [ RunTime:0.000651s ]
INFO: [ app_begin ] --END-- [ RunTime:0.000667s ]
SQL: SHOW COLUMNS FROM `restaurants` [ RunTime:0.0034s ]
SQL: SELECT * FROM `restaurants` INNER JOIN restandzip on restaurants.rest_id = restandzip.rest_id  WHERE ( zipcode = 02120 )  [ RunTime:0.0003s ]
INFO: [ app_end ] --START--
INFO: Run Behavior\ShowPageTraceBehavior [ RunTime:0.000734s ]
INFO: [ app_end ] --END-- [ RunTime:0.000749s ]

[ 2018-09-21T03:56:59+08:00 ] ::1 /thinkphp/index.php/Home/Rest/findByZip
INFO: [ app_init ] --START--
INFO: Run Behavior\BuildLiteBehavior [ RunTime:0.000004s ]
INFO: [ app_init ] --END-- [ RunTime:0.000404s ]
INFO: [ app_begin ] --START--
INFO: Run Behavior\ReadHtmlCacheBehavior [ RunTime:0.000665s ]
INFO: [ app_begin ] --END-- [ RunTime:0.000680s ]
SQL: SHOW COLUMNS FROM `restaurants` [ RunTime:0.0033s ]
SQL: SELECT * FROM `restaurants` INNER JOIN restandzip on restaurants.rest_id = restandzip.rest_id  WHERE ( zipcode = 02120 )  [ RunTime:0.0003s ]
INFO: [ app_end ] --START--
INFO: Run Behavior\ShowPageTraceBehavior [ RunTime:0.000755s ]
INFO: [ app_end ] --END-- [ RunTime:0.000771s ]

[ 2018-09-21T03:57:13+08:00 ] ::1 /thinkphp/index.php/Home/Rest/restPage?id=2
INFO: [ app_init ] --START--
INFO: Run Behavior\BuildLiteBehavior [ RunTime:0.000005s ]
INFO: [ app_init ] --END-- [ RunTime:0.000409s ]

[ 2018-09-21T03:57:28+08:00 ] ::1 /thinkphp/index.php/Home/Rest/findByZip
INFO: [ app_init ] --START--
INFO: Run Behavior\BuildLiteBehavior [ RunTime:0.000004s ]
INFO: [ app_init ] --END-- [ RunTime:0.000449s ]
INFO: [ app_begin ] --START--
INFO: Run Behavior\ReadHtmlCacheBehavior [ RunTime:0.000797s ]
INFO: [ app_begin ] --END-- [ RunTime:0.000813s ]
SQL: SHOW COLUMNS FROM `restaurants` [ RunTime:0.0032s ]
SQL: SELECT * FROM `restaurants` INNER JOIN restandzip on restaurants.rest_id = restandzip.rest_id  WHERE ( zipcode = 02120 )  [ RunTime:0.0003s ]
INFO: [ app_end ] --START--
INFO: Run Behavior\ShowPageTraceBehavior [ RunTime:0.000845s ]
INFO: [ app_end ] --END-- [ RunTime:0.000860s ]

[ 2018-09-21T03:57:32+08:00 ] ::1 /thinkphp/index.php/Home/Rest/restPage?id=3
INFO: [ app_init ] --START--
INFO: Run Behavior\BuildLiteBehavior [ RunTime:0.000004s ]
INFO: [ app_init ] --END-- [ RunTime:0.000391s ]

[ 2018-09-21T03:57:45+08:00 ] ::1 /thinkphp/index.php/Home/Rest/findByZip
INFO: [ app_init ] --START--
INFO: Run Behavior\BuildLiteBehavior [ RunTime:0.000004s ]
INFO: [ app_init ] --END-- [ RunTime:0.000410s ]
INFO: [ app_begin ] --START--
INFO: Run Behavior\ReadHtmlCacheBehavior [ RunTime:0.000671s ]
INFO: [ app_begin ] --END-- [ RunTime:0.000687s ]
SQL: SHOW COLUMNS FROM `restaurants` [ RunTime:0.0075s ]
SQL: SELECT * FROM `restaurants` INNER JOIN restandzip on restaurants.rest_id = restandzip.rest_id  WHERE ( zipcode = 02120 )  [ RunTime:0.0003s ]
INFO: [ app_end ] --START--
INFO: Run Behavior\ShowPageTraceBehavior [ RunTime:0.000817s ]
INFO: [ app_end ] --END-- [ RunTime:0.000833s ]

[ 2018-09-21T03:57:49+08:00 ] ::1 /thinkphp/index.php/Home/Rest/findByZip
INFO: [ app_init ] --START--
INFO: Run Behavior\BuildLiteBehavior [ RunTime:0.000004s ]
INFO: [ app_init ] --END-- [ RunTime:0.000400s ]
INFO: [ app_begin ] --START--
INFO: Run Behavior\ReadHtmlCacheBehavior [ RunTime:0.000659s ]
INFO: [ app_begin ] --END-- [ RunTime:0.000674s ]
SQL: SHOW COLUMNS FROM `restaurants` [ RunTime:0.0033s ]
SQL: SELECT * FROM `restaurants` INNER JOIN restandzip on restaurants.rest_id = restandzip.rest_id  WHERE ( zipcode = 02118 )  [ RunTime:0.0003s ]
INFO: [ app_end ] --START--
INFO: Run Behavior\ShowPageTraceBehavior [ RunTime:0.000777s ]
INFO: [ app_end ] --END-- [ RunTime:0.000791s ]

[ 2018-09-21T03:58:03+08:00 ] ::1 /thinkphp/index.php/Home/Rest/findByZip
INFO: [ app_init ] --START--
INFO: Run Behavior\BuildLiteBehavior [ RunTime:0.000004s ]
INFO: [ app_init ] --END-- [ RunTime:0.000395s ]
INFO: [ app_begin ] --START--
INFO: Run Behavior\ReadHtmlCacheBehavior [ RunTime:0.000598s ]
INFO: [ app_begin ] --END-- [ RunTime:0.000614s ]
SQL: SHOW COLUMNS FROM `restaurants` [ RunTime:0.0075s ]
SQL: SELECT * FROM `restaurants` INNER JOIN restandzip on restaurants.rest_id = restandzip.rest_id  WHERE ( zipcode = 02115 )  [ RunTime:0.0003s ]
INFO: [ app_end ] --START--
INFO: Run Behavior\ShowPageTraceBehavior [ RunTime:0.000801s ]
INFO: [ app_end ] --END-- [ RunTime:0.000815s ]

[ 2018-09-21T03:58:21+08:00 ] ::1 /thinkphp/index.php/Home/Rest/findByZip
INFO: [ app_init ] --START--
INFO: Run Behavior\BuildLiteBehavior [ RunTime:0.000005s ]
INFO: [ app_init ] --END-- [ RunTime:0.000451s ]
INFO: [ app_begin ] --START--
INFO: Run Behavior\ReadHtmlCacheBehavior [ RunTime:0.000781s ]
INFO: [ app_begin ] --END-- [ RunTime:0.000798s ]
SQL: SHOW COLUMNS FROM `restaurants` [ RunTime:0.0032s ]
SQL: SELECT * FROM `restaurants` INNER JOIN restandzip on restaurants.rest_id = restandzip.rest_id  WHERE ( zipcode = 02127 )  [ RunTime:0.0003s ]
INFO: [ app_end ] --START--
INFO: Run Behavior\ShowPageTraceBehavior [ RunTime:0.000837s ]
INFO: [ app_end ] --END-- [ RunTime:0.000852s ]

[ 2018-09-21T03:58:36+08:00 ] ::1 /thinkphp/index.php/Home/Rest/findByZip
INFO: [ app_init ] --START--
INFO: Run Behavior\BuildLiteBehavior [ RunTime:0.000005s ]
INFO: [ app_init ] --END-- [ RunTime:0.000397s ]
INFO: [ app_begin ] --START--
INFO: Run Behavior\ReadHtmlCacheBehavior [ RunTime:0.000650s ]
INFO: [ app_begin ] --END-- [ RunTime:0.000666s ]
SQL: SHOW COLUMNS FROM `restaurants` [ RunTime:0.0034s ]
SQL: SELECT * FROM `restaurants` INNER JOIN restandzip on restaurants.rest_id = restandzip.rest_id  WHERE ( zipcode = 02111 )  [ RunTime:0.0003s ]
INFO: [ app_end ] --START--
INFO: Run Behavior\ShowPageTraceBehavior [ RunTime:0.000748s ]
INFO: [ app_end ] --END-- [ RunTime:0.000763s ]

[ 2018-09-21T03:58:45+08:00 ] ::1 /thinkphp/index.php/Home/Rest/findByZip
INFO: [ app_init ] --START--
INFO: Run Behavior\BuildLiteBehavior [ RunTime:0.000005s ]
INFO: [ app_init ] --END-- [ RunTime:0.000406s ]
INFO: [ app_begin ] --START--
INFO: Run Behavior\ReadHtmlCacheBehavior [ RunTime:0.000693s ]
INFO: [ app_begin ] --END-- [ RunTime:0.000710s ]
SQL: SHOW COLUMNS FROM `restaurants` [ RunTime:0.0034s ]
SQL: SELECT * FROM `restaurants` INNER JOIN restandzip on restaurants.rest_id = restandzip.rest_id  WHERE ( zipcode = 02116 )  [ RunTime:0.0003s ]
INFO: [ app_end ] --START--
INFO: Run Behavior\ShowPageTraceBehavior [ RunTime:0.000774s ]
INFO: [ app_end ] --END-- [ RunTime:0.000788s ]

[ 2018-09-21T03:58:49+08:00 ] ::1 /thinkphp/index.php/Home/Rest/findByZip
INFO: [ app_init ] --START--
INFO: Run Behavior\BuildLiteBehavior [ RunTime:0.000004s ]
INFO: [ app_init ] --END-- [ RunTime:0.000417s ]
INFO: [ app_begin ] --START--
INFO: Run Behavior\ReadHtmlCacheBehavior [ RunTime:0.000622s ]
INFO: [ app_begin ] --END-- [ RunTime:0.000638s ]
SQL: SHOW COLUMNS FROM `restaurants` [ RunTime:0.0032s ]
SQL: SELECT * FROM `restaurants` INNER JOIN restandzip on restaurants.rest_id = restandzip.rest_id  WHERE ( zipcode = 02116 )  [ RunTime:0.0002s ]
INFO: [ app_end ] --START--
INFO: Run Behavior\ShowPageTraceBehavior [ RunTime:0.000750s ]
INFO: [ app_end ] --END-- [ RunTime:0.000765s ]

[ 2018-09-21T03:59:16+08:00 ] ::1 /thinkphp/index.php/Home/Rest/findByZip
INFO: [ app_init ] --START--
INFO: Run Behavior\BuildLiteBehavior [ RunTime:0.000005s ]
INFO: [ app_init ] --END-- [ RunTime:0.000387s ]
INFO: [ app_begin ] --START--
INFO: Run Behavior\ReadHtmlCacheBehavior [ RunTime:0.000591s ]
INFO: [ app_begin ] --END-- [ RunTime:0.000606s ]
SQL: SHOW COLUMNS FROM `restaurants` [ RunTime:0.0034s ]
SQL: SELECT * FROM `restaurants` INNER JOIN restandzip on restaurants.rest_id = restandzip.rest_id  WHERE ( zipcode = 02115 )  [ RunTime:0.0003s ]
INFO: [ app_end ] --START--
INFO: Run Behavior\ShowPageTraceBehavior [ RunTime:0.000785s ]
INFO: [ app_end ] --END-- [ RunTime:0.000801s ]

[ 2018-09-21T03:59:47+08:00 ] ::1 /thinkphp/index.php/Home/Rest/index.html
INFO: [ app_init ] --START--
INFO: Run Behavior\BuildLiteBehavior [ RunTime:0.000005s ]
INFO: [ app_init ] --END-- [ RunTime:0.000351s ]

[ 2018-09-21T03:59:48+08:00 ] ::1 /thinkphp/index.php/Home/Rest/findByZip.html
INFO: [ app_init ] --START--
INFO: Run Behavior\BuildLiteBehavior [ RunTime:0.000004s ]
INFO: [ app_init ] --END-- [ RunTime:0.000395s ]

[ 2018-09-21T03:59:49+08:00 ] ::1 /thinkphp/index.php/Home/Rest/index.html
INFO: [ app_init ] --START--
INFO: Run Behavior\BuildLiteBehavior [ RunTime:0.000004s ]
INFO: [ app_init ] --END-- [ RunTime:0.000378s ]

